<?xml version="1.0" encoding="UTF-8"?>
<!-- Generated by org.testng.reporters.JUnitXMLReporter -->
<testsuite ignored="0" hostname="DESKTOP-MIJIJ1K" failures="0" tests="1" name="Default test" time="0.066" errors="0" timestamp="2021-10-13T14:41:18 IST">
  <testcase classname="com.SwagLabs.Utilities.Base" name="@BeforeTest preTestCondition" time="-1.634116277955E9">
    <failure type="org.testng.TestNGException" message="
Parameter &amp;apos;uuid&amp;apos; is required by BeforeTest on method preTestCondition but has not been marked @Optional or defined
in C:\Users\pramo\AppData\Local\Temp\testng-eclipse--865992779\testng-customsuite.xml">
      <![CDATA[org.testng.TestNGException: 
Parameter 'uuid' is required by BeforeTest on method preTestCondition but has not been marked @Optional or defined
in C:\Users\pramo\AppData\Local\Temp\testng-eclipse--865992779\testng-customsuite.xml
at org.testng.internal.Parameters.createParams(Parameters.java:270)
at org.testng.internal.Parameters.createParametersForMethod(Parameters.java:358)
at org.testng.internal.Parameters.createParameters(Parameters.java:700)
at org.testng.internal.Parameters.createConfigurationParameters(Parameters.java:168)
at org.testng.internal.ConfigInvoker.invokeConfigurations(ConfigInvoker.java:302)
at org.testng.TestRunner.invokeTestConfigurations(TestRunner.java:637)
at org.testng.TestRunner.beforeRun(TestRunner.java:627)
at org.testng.TestRunner.run(TestRunner.java:589)
at org.testng.SuiteRunner.runTest(SuiteRunner.java:377)
at org.testng.SuiteRunner.runSequentially(SuiteRunner.java:371)
at org.testng.SuiteRunner.privateRun(SuiteRunner.java:332)
at org.testng.SuiteRunner.run(SuiteRunner.java:276)
at org.testng.SuiteRunnerWorker.runSuite(SuiteRunnerWorker.java:53)
at org.testng.SuiteRunnerWorker.run(SuiteRunnerWorker.java:96)
at org.testng.TestNG.runSuitesSequentially(TestNG.java:1212)
at org.testng.TestNG.runSuitesLocally(TestNG.java:1134)
at org.testng.TestNG.runSuites(TestNG.java:1063)
at org.testng.TestNG.run(TestNG.java:1031)
at org.testng.remote.AbstractRemoteTestNG.run(AbstractRemoteTestNG.java:115)
at org.testng.remote.RemoteTestNG.initAndRun(RemoteTestNG.java:251)
at org.testng.remote.RemoteTestNG.main(RemoteTestNG.java:77)
]]>
    </failure>
  </testcase> <!-- @BeforeTest preTestCondition -->
  <testcase classname="com.SwagLabs.Utilities.Base" name="@AfterTest postTestCondition" time="-1.634116278016E9">
    <skipped/>
  </testcase> <!-- @AfterTest postTestCondition -->
  <testcase classname="com.SwagLabs.TestCases.SwagLab_TC02_SingleProduct_Checkout" name="swagLabsTC02" time="0.0">
    <skipped/>
  </testcase> <!-- swagLabsTC02 -->
</testsuite> <!-- Default test -->
